<?xml version="1.0" encoding="UTF-8"?>
<testng-results ignored="0" total="1" passed="1" failed="0" skipped="0">
  <reporter-output>
  </reporter-output>
  <suite started-at="2025-05-17T19:11:02Z" name="Default suite" finished-at="2025-05-17T19:11:04Z" duration-ms="1974">
    <groups>
    </groups>
    <test started-at="2025-05-17T19:11:02Z" name="Default test" finished-at="2025-05-17T19:11:04Z" duration-ms="1974">
      <class name="RestAssured.BDD_PostMethod">
        <test-method signature="Test()[pri:0, instance:RestAssured.BDD_PostMethod@530712d]" started-at="2025-05-17T19:11:02Z" name="Test" finished-at="2025-05-17T19:11:04Z" duration-ms="1842" status="PASS">
          <reporter-output>
          </reporter-output>
        </test-method> <!-- Test -->
      </class> <!-- RestAssured.BDD_PostMethod -->
    </test> <!-- Default test -->
  </suite> <!-- Default suite -->
</testng-results>
